This is pdfTeX, Version 3.14159265-2.6-1.40.20 (TeX Live 2019/W32TeX) (preloaded format=pdflatex 2019.11.25)  3 JUN 2020 00:08
entering extended mode
 restricted \write18 enabled.
 %&-line parsing enabled.
**Subsampling.tex
(./Subsampling.tex
LaTeX2e <2019-10-01> patch level 3
(c:/texlive/2019/texmf-dist/tex/latex/beamer/beamer.cls
Document Class: beamer 2019/09/29 v3.57 A class for typesetting presentations
(c:/texlive/2019/texmf-dist/tex/latex/beamer/beamerbasemodes.sty
(c:/texlive/2019/texmf-dist/tex/latex/etoolbox/etoolbox.sty
Package: etoolbox 2019/09/21 v2.5h e-TeX tools for LaTeX (JAW)
\etb@tempcnta=\count80
)
\beamer@tempbox=\box27
\beamer@tempcount=\count81
\c@beamerpauses=\count82

(c:/texlive/2019/texmf-dist/tex/latex/beamer/beamerbasedecode.sty
\beamer@slideinframe=\count83
\beamer@minimum=\count84
\beamer@decode@box=\box28
)
\beamer@commentbox=\box29
\beamer@modecount=\count85
)
(c:/texlive/2019/texmf-dist/tex/generic/iftex/ifpdf.sty
Package: ifpdf 2019/10/25 v3.4 ifpdf legacy package. Use iftex instead.

(c:/texlive/2019/texmf-dist/tex/generic/iftex/iftex.sty
Package: iftex 2019/11/07 v1.0c TeX engine tests
))
\headdp=\dimen102
\footheight=\dimen103
\sidebarheight=\dimen104
\beamer@tempdim=\dimen105
\beamer@finalheight=\dimen106
\beamer@animht=\dimen107
\beamer@animdp=\dimen108
\beamer@animwd=\dimen109
\beamer@leftmargin=\dimen110
\beamer@rightmargin=\dimen111
\beamer@leftsidebar=\dimen112
\beamer@rightsidebar=\dimen113
\beamer@boxsize=\dimen114
\beamer@vboxoffset=\dimen115
\beamer@descdefault=\dimen116
\beamer@descriptionwidth=\dimen117
\beamer@lastskip=\skip41
\beamer@areabox=\box30
\beamer@animcurrent=\box31
\beamer@animshowbox=\box32
\beamer@sectionbox=\box33
\beamer@logobox=\box34
\beamer@linebox=\box35
\beamer@sectioncount=\count86
\beamer@subsubsectionmax=\count87
\beamer@subsectionmax=\count88
\beamer@sectionmax=\count89
\beamer@totalheads=\count90
\beamer@headcounter=\count91
\beamer@partstartpage=\count92
\beamer@sectionstartpage=\count93
\beamer@subsectionstartpage=\count94
\beamer@animationtempa=\count95
\beamer@animationtempb=\count96
\beamer@xpos=\count97
\beamer@ypos=\count98
\beamer@ypos@offset=\count99
\beamer@showpartnumber=\count100
\beamer@currentsubsection=\count101
\beamer@coveringdepth=\count102
\beamer@sectionadjust=\count103
\beamer@tocsectionnumber=\count104

(c:/texlive/2019/texmf-dist/tex/latex/beamer/beamerbaseoptions.sty
(c:/texlive/2019/texmf-dist/tex/latex/graphics/keyval.sty
Package: keyval 2014/10/28 v1.15 key=value parser (DPC)
\KV@toks@=\toks14
))
\beamer@paperwidth=\skip42
\beamer@paperheight=\skip43

(c:/texlive/2019/texmf-dist/tex/latex/geometry/geometry.sty
Package: geometry 2018/04/16 v5.8 Page Geometry

(c:/texlive/2019/texmf-dist/tex/generic/iftex/ifvtex.sty
Package: ifvtex 2019/10/25 v1.7 ifvtex legacy package. Use iftex instead.
)
(c:/texlive/2019/texmf-dist/tex/generic/iftex/ifxetex.sty
Package: ifxetex 2019/10/25 v0.7 ifxetex legacy package. Use iftex instead.
)
\Gm@cnth=\count105
\Gm@cntv=\count106
\c@Gm@tempcnt=\count107
\Gm@bindingoffset=\dimen118
\Gm@wd@mp=\dimen119
\Gm@odd@mp=\dimen120
\Gm@even@mp=\dimen121
\Gm@layoutwidth=\dimen122
\Gm@layoutheight=\dimen123
\Gm@layouthoffset=\dimen124
\Gm@layoutvoffset=\dimen125
\Gm@dimlist=\toks15
)
(c:/texlive/2019/texmf-dist/tex/latex/base/size12.clo
File: size12.clo 2019/10/25 v1.4k Standard LaTeX file (size option)
)
(c:/texlive/2019/texmf-dist/tex/latex/pgf/basiclayer/pgfcore.sty
(c:/texlive/2019/texmf-dist/tex/latex/graphics/graphicx.sty
Package: graphicx 2017/06/01 v1.1a Enhanced LaTeX Graphics (DPC,SPQR)

(c:/texlive/2019/texmf-dist/tex/latex/graphics/graphics.sty
Package: graphics 2019/11/01 v1.3d Standard LaTeX Graphics (DPC,SPQR)

(c:/texlive/2019/texmf-dist/tex/latex/graphics/trig.sty
Package: trig 2016/01/03 v1.10 sin cos tan (DPC)
)
(c:/texlive/2019/texmf-dist/tex/latex/graphics-cfg/graphics.cfg
File: graphics.cfg 2016/06/04 v1.11 sample graphics configuration
)
Package graphics Info: Driver file: pdftex.def on input line 105.

(c:/texlive/2019/texmf-dist/tex/latex/graphics-def/pdftex.def
File: pdftex.def 2018/01/08 v1.0l Graphics/color driver for pdftex
))
\Gin@req@height=\dimen126
\Gin@req@width=\dimen127
)
(c:/texlive/2019/texmf-dist/tex/latex/pgf/systemlayer/pgfsys.sty
(c:/texlive/2019/texmf-dist/tex/latex/pgf/utilities/pgfrcs.sty
(c:/texlive/2019/texmf-dist/tex/generic/pgf/utilities/pgfutil-common.tex
\pgfutil@everybye=\toks16
\pgfutil@tempdima=\dimen128
\pgfutil@tempdimb=\dimen129

(c:/texlive/2019/texmf-dist/tex/generic/pgf/utilities/pgfutil-common-lists.tex)
) (c:/texlive/2019/texmf-dist/tex/generic/pgf/utilities/pgfutil-latex.def
\pgfutil@abb=\box36

(c:/texlive/2019/texmf-dist/tex/latex/ms/everyshi.sty
Package: everyshi 2001/05/15 v3.00 EveryShipout Package (MS)
))
(c:/texlive/2019/texmf-dist/tex/generic/pgf/utilities/pgfrcs.code.tex
(c:/texlive/2019/texmf-dist/tex/generic/pgf/pgf.revision.tex)
Package: pgfrcs 2019/08/03 v3.1.4b (3.1.4b)
))
(c:/texlive/2019/texmf-dist/tex/generic/pgf/systemlayer/pgfsys.code.tex
Package: pgfsys 2019/08/03 v3.1.4b (3.1.4b)

(c:/texlive/2019/texmf-dist/tex/generic/pgf/utilities/pgfkeys.code.tex
\pgfkeys@pathtoks=\toks17
\pgfkeys@temptoks=\toks18

(c:/texlive/2019/texmf-dist/tex/generic/pgf/utilities/pgfkeysfiltered.code.tex
\pgfkeys@tmptoks=\toks19
))
\pgf@x=\dimen130
\pgf@y=\dimen131
\pgf@xa=\dimen132
\pgf@ya=\dimen133
\pgf@xb=\dimen134
\pgf@yb=\dimen135
\pgf@xc=\dimen136
\pgf@yc=\dimen137
\pgf@xd=\dimen138
\pgf@yd=\dimen139
\w@pgf@writea=\write3
\r@pgf@reada=\read1
\c@pgf@counta=\count108
\c@pgf@countb=\count109
\c@pgf@countc=\count110
\c@pgf@countd=\count111
\t@pgf@toka=\toks20
\t@pgf@tokb=\toks21
\t@pgf@tokc=\toks22
\pgf@sys@id@count=\count112
 (c:/texlive/2019/texmf-dist/tex/generic/pgf/systemlayer/pgf.cfg
File: pgf.cfg 2019/08/03 v3.1.4b (3.1.4b)
)
Driver file for pgf: pgfsys-pdftex.def

(c:/texlive/2019/texmf-dist/tex/generic/pgf/systemlayer/pgfsys-pdftex.def
File: pgfsys-pdftex.def 2019/08/03 v3.1.4b (3.1.4b)

(c:/texlive/2019/texmf-dist/tex/generic/pgf/systemlayer/pgfsys-common-pdf.def
File: pgfsys-common-pdf.def 2019/08/03 v3.1.4b (3.1.4b)
)))
(c:/texlive/2019/texmf-dist/tex/generic/pgf/systemlayer/pgfsyssoftpath.code.tex
File: pgfsyssoftpath.code.tex 2019/08/03 v3.1.4b (3.1.4b)
\pgfsyssoftpath@smallbuffer@items=\count113
\pgfsyssoftpath@bigbuffer@items=\count114
)
(c:/texlive/2019/texmf-dist/tex/generic/pgf/systemlayer/pgfsysprotocol.code.tex
File: pgfsysprotocol.code.tex 2019/08/03 v3.1.4b (3.1.4b)
)) (c:/texlive/2019/texmf-dist/tex/latex/xcolor/xcolor.sty
Package: xcolor 2016/05/11 v2.12 LaTeX color extensions (UK)

(c:/texlive/2019/texmf-dist/tex/latex/graphics-cfg/color.cfg
File: color.cfg 2016/01/02 v1.6 sample color configuration
)
Package xcolor Info: Driver file: pdftex.def on input line 225.
Package xcolor Info: Model `cmy' substituted by `cmy0' on input line 1348.
Package xcolor Info: Model `hsb' substituted by `rgb' on input line 1352.
Package xcolor Info: Model `RGB' extended on input line 1364.
Package xcolor Info: Model `HTML' substituted by `rgb' on input line 1366.
Package xcolor Info: Model `Hsb' substituted by `hsb' on input line 1367.
Package xcolor Info: Model `tHsb' substituted by `hsb' on input line 1368.
Package xcolor Info: Model `HSB' substituted by `hsb' on input line 1369.
Package xcolor Info: Model `Gray' substituted by `gray' on input line 1370.
Package xcolor Info: Model `wave' substituted by `hsb' on input line 1371.
)
(c:/texlive/2019/texmf-dist/tex/generic/pgf/basiclayer/pgfcore.code.tex
Package: pgfcore 2019/08/03 v3.1.4b (3.1.4b)

(c:/texlive/2019/texmf-dist/tex/generic/pgf/math/pgfmath.code.tex
(c:/texlive/2019/texmf-dist/tex/generic/pgf/math/pgfmathcalc.code.tex
(c:/texlive/2019/texmf-dist/tex/generic/pgf/math/pgfmathutil.code.tex)
(c:/texlive/2019/texmf-dist/tex/generic/pgf/math/pgfmathparser.code.tex
\pgfmath@dimen=\dimen140
\pgfmath@count=\count115
\pgfmath@box=\box37
\pgfmath@toks=\toks23
\pgfmath@stack@operand=\toks24
\pgfmath@stack@operation=\toks25
)
(c:/texlive/2019/texmf-dist/tex/generic/pgf/math/pgfmathfunctions.code.tex
(c:/texlive/2019/texmf-dist/tex/generic/pgf/math/pgfmathfunctions.basic.code.te
x)
(c:/texlive/2019/texmf-dist/tex/generic/pgf/math/pgfmathfunctions.trigonometric
.code.tex)
(c:/texlive/2019/texmf-dist/tex/generic/pgf/math/pgfmathfunctions.random.code.t
ex)
(c:/texlive/2019/texmf-dist/tex/generic/pgf/math/pgfmathfunctions.comparison.co
de.tex)
(c:/texlive/2019/texmf-dist/tex/generic/pgf/math/pgfmathfunctions.base.code.tex
)
(c:/texlive/2019/texmf-dist/tex/generic/pgf/math/pgfmathfunctions.round.code.te
x)
(c:/texlive/2019/texmf-dist/tex/generic/pgf/math/pgfmathfunctions.misc.code.tex
)
(c:/texlive/2019/texmf-dist/tex/generic/pgf/math/pgfmathfunctions.integerarithm
etics.code.tex)))
(c:/texlive/2019/texmf-dist/tex/generic/pgf/math/pgfmathfloat.code.tex
\c@pgfmathroundto@lastzeros=\count116
))
(c:/texlive/2019/texmf-dist/tex/generic/pgf/math/pgfint.code.tex)
(c:/texlive/2019/texmf-dist/tex/generic/pgf/basiclayer/pgfcorepoints.code.tex
File: pgfcorepoints.code.tex 2019/08/03 v3.1.4b (3.1.4b)
\pgf@picminx=\dimen141
\pgf@picmaxx=\dimen142
\pgf@picminy=\dimen143
\pgf@picmaxy=\dimen144
\pgf@pathminx=\dimen145
\pgf@pathmaxx=\dimen146
\pgf@pathminy=\dimen147
\pgf@pathmaxy=\dimen148
\pgf@xx=\dimen149
\pgf@xy=\dimen150
\pgf@yx=\dimen151
\pgf@yy=\dimen152
\pgf@zx=\dimen153
\pgf@zy=\dimen154
)
(c:/texlive/2019/texmf-dist/tex/generic/pgf/basiclayer/pgfcorepathconstruct.cod
e.tex
File: pgfcorepathconstruct.code.tex 2019/08/03 v3.1.4b (3.1.4b)
\pgf@path@lastx=\dimen155
\pgf@path@lasty=\dimen156
)
(c:/texlive/2019/texmf-dist/tex/generic/pgf/basiclayer/pgfcorepathusage.code.te
x
File: pgfcorepathusage.code.tex 2019/08/03 v3.1.4b (3.1.4b)
\pgf@shorten@end@additional=\dimen157
\pgf@shorten@start@additional=\dimen158
)
(c:/texlive/2019/texmf-dist/tex/generic/pgf/basiclayer/pgfcorescopes.code.tex
File: pgfcorescopes.code.tex 2019/08/03 v3.1.4b (3.1.4b)
\pgfpic=\box38
\pgf@hbox=\box39
\pgf@layerbox@main=\box40
\pgf@picture@serial@count=\count117
)
(c:/texlive/2019/texmf-dist/tex/generic/pgf/basiclayer/pgfcoregraphicstate.code
.tex
File: pgfcoregraphicstate.code.tex 2019/08/03 v3.1.4b (3.1.4b)
\pgflinewidth=\dimen159
)
(c:/texlive/2019/texmf-dist/tex/generic/pgf/basiclayer/pgfcoretransformations.c
ode.tex
File: pgfcoretransformations.code.tex 2019/08/03 v3.1.4b (3.1.4b)
\pgf@pt@x=\dimen160
\pgf@pt@y=\dimen161
\pgf@pt@temp=\dimen162
)
(c:/texlive/2019/texmf-dist/tex/generic/pgf/basiclayer/pgfcorequick.code.tex
File: pgfcorequick.code.tex 2019/08/03 v3.1.4b (3.1.4b)
)
(c:/texlive/2019/texmf-dist/tex/generic/pgf/basiclayer/pgfcoreobjects.code.tex
File: pgfcoreobjects.code.tex 2019/08/03 v3.1.4b (3.1.4b)
)
(c:/texlive/2019/texmf-dist/tex/generic/pgf/basiclayer/pgfcorepathprocessing.co
de.tex
File: pgfcorepathprocessing.code.tex 2019/08/03 v3.1.4b (3.1.4b)
)
(c:/texlive/2019/texmf-dist/tex/generic/pgf/basiclayer/pgfcorearrows.code.tex
File: pgfcorearrows.code.tex 2019/08/03 v3.1.4b (3.1.4b)
\pgfarrowsep=\dimen163
)
(c:/texlive/2019/texmf-dist/tex/generic/pgf/basiclayer/pgfcoreshade.code.tex
File: pgfcoreshade.code.tex 2019/08/03 v3.1.4b (3.1.4b)
\pgf@max=\dimen164
\pgf@sys@shading@range@num=\count118
\pgf@shadingcount=\count119
)
(c:/texlive/2019/texmf-dist/tex/generic/pgf/basiclayer/pgfcoreimage.code.tex
File: pgfcoreimage.code.tex 2019/08/03 v3.1.4b (3.1.4b)

(c:/texlive/2019/texmf-dist/tex/generic/pgf/basiclayer/pgfcoreexternal.code.tex
File: pgfcoreexternal.code.tex 2019/08/03 v3.1.4b (3.1.4b)
\pgfexternal@startupbox=\box41
))
(c:/texlive/2019/texmf-dist/tex/generic/pgf/basiclayer/pgfcorelayers.code.tex
File: pgfcorelayers.code.tex 2019/08/03 v3.1.4b (3.1.4b)
)
(c:/texlive/2019/texmf-dist/tex/generic/pgf/basiclayer/pgfcoretransparency.code
.tex
File: pgfcoretransparency.code.tex 2019/08/03 v3.1.4b (3.1.4b)
)
(c:/texlive/2019/texmf-dist/tex/generic/pgf/basiclayer/pgfcorepatterns.code.tex
File: pgfcorepatterns.code.tex 2019/08/03 v3.1.4b (3.1.4b)
) (c:/texlive/2019/texmf-dist/tex/generic/pgf/basiclayer/pgfcorerdf.code.tex
File: pgfcorerdf.code.tex 2019/08/03 v3.1.4b (3.1.4b)
))) (c:/texlive/2019/texmf-dist/tex/latex/pgf/utilities/xxcolor.sty
Package: xxcolor 2003/10/24 ver 0.1
\XC@nummixins=\count120
\XC@countmixins=\count121
)
(c:/texlive/2019/texmf-dist/tex/generic/oberdiek/atbegshi.sty
Package: atbegshi 2016/06/09 v1.18 At begin shipout hook (HO)

(c:/texlive/2019/texmf-dist/tex/generic/oberdiek/infwarerr.sty
Package: infwarerr 2016/05/16 v1.4 Providing info/warning/error messages (HO)
)
(c:/texlive/2019/texmf-dist/tex/generic/oberdiek/ltxcmds.sty
Package: ltxcmds 2016/05/16 v1.23 LaTeX kernel commands for general use (HO)
))
(c:/texlive/2019/texmf-dist/tex/latex/hyperref/hyperref.sty
Package: hyperref 2019/11/10 v7.00c Hypertext links for LaTeX

(c:/texlive/2019/texmf-dist/tex/generic/oberdiek/pdftexcmds.sty
Package: pdftexcmds 2019/07/25 v0.30 Utility functions of pdfTeX for LuaTeX (HO
)

(c:/texlive/2019/texmf-dist/tex/generic/iftex/ifluatex.sty
Package: ifluatex 2019/10/25 v1.5 ifluatex legacy package. Use iftex instead.
)
Package pdftexcmds Info: LuaTeX not detected.
Package pdftexcmds Info: \pdf@primitive is available.
Package pdftexcmds Info: \pdf@ifprimitive is available.
Package pdftexcmds Info: \pdfdraftmode found.
)
(c:/texlive/2019/texmf-dist/tex/generic/oberdiek/kvsetkeys.sty
Package: kvsetkeys 2016/05/16 v1.17 Key value parser (HO)

(c:/texlive/2019/texmf-dist/tex/generic/oberdiek/etexcmds.sty
Package: etexcmds 2016/05/16 v1.6 Avoid name clashes with e-TeX commands (HO)
))
(c:/texlive/2019/texmf-dist/tex/generic/oberdiek/kvdefinekeys.sty
Package: kvdefinekeys 2016/05/16 v1.4 Define keys (HO)
)
(c:/texlive/2019/texmf-dist/tex/generic/oberdiek/pdfescape.sty
Package: pdfescape 2016/05/16 v1.14 Implements pdfTeX's escape features (HO)
)
(c:/texlive/2019/texmf-dist/tex/latex/oberdiek/hycolor.sty
Package: hycolor 2016/05/16 v1.8 Color options for hyperref/bookmark (HO)

(c:/texlive/2019/texmf-dist/tex/latex/oberdiek/xcolor-patch.sty
Package: xcolor-patch 2016/05/16 xcolor patch

(c:/texlive/2019/texmf-dist/tex/latex/oberdiek/hopatch.sty
Package: hopatch 2016/05/16 v1.3 Wrapper for package hooks (HO)
)))
(c:/texlive/2019/texmf-dist/tex/latex/oberdiek/letltxmacro.sty
Package: letltxmacro 2016/05/16 v1.5 Let assignment for LaTeX macros (HO)
)
(c:/texlive/2019/texmf-dist/tex/latex/oberdiek/auxhook.sty
Package: auxhook 2016/05/16 v1.4 Hooks for auxiliary files (HO)
)
(c:/texlive/2019/texmf-dist/tex/latex/oberdiek/kvoptions.sty
Package: kvoptions 2016/05/16 v3.12 Key value format for package options (HO)
)
\@linkdim=\dimen165
\Hy@linkcounter=\count122
\Hy@pagecounter=\count123

(c:/texlive/2019/texmf-dist/tex/latex/hyperref/pd1enc.def
File: pd1enc.def 2019/11/10 v7.00c Hyperref: PDFDocEncoding definition (HO)
Now handling font encoding PD1 ...
... no UTF-8 mapping file for font encoding PD1
)
(c:/texlive/2019/texmf-dist/tex/generic/oberdiek/intcalc.sty
Package: intcalc 2016/05/16 v1.2 Expandable calculations with integers (HO)
)
\Hy@SavedSpaceFactor=\count124

(c:/texlive/2019/texmf-dist/tex/latex/latexconfig/hyperref.cfg
File: hyperref.cfg 2002/06/06 v1.2 hyperref configuration of TeXLive
)
Package hyperref Info: Option `bookmarks' set `true' on input line 4409.
Package hyperref Info: Option `bookmarksopen' set `true' on input line 4409.
Package hyperref Info: Option `implicit' set `false' on input line 4409.
Package hyperref Info: Hyper figures OFF on input line 4535.
Package hyperref Info: Link nesting OFF on input line 4540.
Package hyperref Info: Hyper index ON on input line 4543.
Package hyperref Info: Plain pages OFF on input line 4550.
Package hyperref Info: Backreferencing OFF on input line 4555.
Package hyperref Info: Implicit mode OFF; no redefinition of LaTeX internals.
Package hyperref Info: Bookmarks ON on input line 4788.
\c@Hy@tempcnt=\count125

(c:/texlive/2019/texmf-dist/tex/latex/url/url.sty
\Urlmuskip=\muskip10
Package: url 2013/09/16  ver 3.4  Verb mode for urls, etc.
)
LaTeX Info: Redefining \url on input line 5147.
\XeTeXLinkMargin=\dimen166

(c:/texlive/2019/texmf-dist/tex/generic/oberdiek/bitset.sty
Package: bitset 2016/05/16 v1.2 Handle bit-vector datatype (HO)

(c:/texlive/2019/texmf-dist/tex/generic/oberdiek/bigintcalc.sty
Package: bigintcalc 2016/05/16 v1.4 Expandable calculations on big integers (HO
)
))
\Fld@menulength=\count126
\Field@Width=\dimen167
\Fld@charsize=\dimen168
Package hyperref Info: Hyper figures OFF on input line 6418.
Package hyperref Info: Link nesting OFF on input line 6423.
Package hyperref Info: Hyper index ON on input line 6426.
Package hyperref Info: backreferencing OFF on input line 6433.
Package hyperref Info: Link coloring OFF on input line 6438.
Package hyperref Info: Link coloring with OCG OFF on input line 6443.
Package hyperref Info: PDF/A mode OFF on input line 6448.
LaTeX Info: Redefining \ref on input line 6488.
LaTeX Info: Redefining \pageref on input line 6492.
\Hy@abspage=\count127


Package hyperref Message: Stopped early.

)
Package hyperref Info: Driver (autodetected): hpdftex.
 (c:/texlive/2019/texmf-dist/tex/latex/hyperref/hpdftex.def
File: hpdftex.def 2019/11/10 v7.00c Hyperref driver for pdfTeX

(c:/texlive/2019/texmf-dist/tex/latex/oberdiek/atveryend.sty
Package: atveryend 2016/05/16 v1.9 Hooks at the very end of document (HO)
)
\Fld@listcount=\count128
\c@bookmark@seq@number=\count129

(c:/texlive/2019/texmf-dist/tex/latex/oberdiek/rerunfilecheck.sty
Package: rerunfilecheck 2016/05/16 v1.8 Rerun checks for auxiliary files (HO)

(c:/texlive/2019/texmf-dist/tex/generic/oberdiek/uniquecounter.sty
Package: uniquecounter 2016/05/16 v1.3 Provide unlimited unique counter (HO)
)
Package uniquecounter Info: New unique counter `rerunfilecheck' on input line 2
85.
))
(c:/texlive/2019/texmf-dist/tex/latex/beamer/beamerbaserequires.sty
(c:/texlive/2019/texmf-dist/tex/latex/beamer/beamerbasecompatibility.sty)
(c:/texlive/2019/texmf-dist/tex/latex/beamer/beamerbasefont.sty
(c:/texlive/2019/texmf-dist/tex/latex/amsfonts/amssymb.sty
Package: amssymb 2013/01/14 v3.01 AMS font symbols

(c:/texlive/2019/texmf-dist/tex/latex/amsfonts/amsfonts.sty
Package: amsfonts 2013/01/14 v3.01 Basic AMSFonts support
\@emptytoks=\toks26
\symAMSa=\mathgroup4
\symAMSb=\mathgroup5
LaTeX Font Info:    Redeclaring math symbol \hbar on input line 98.
LaTeX Font Info:    Overwriting math alphabet `\mathfrak' in version `bold'
(Font)                  U/euf/m/n --> U/euf/b/n on input line 106.
))
(c:/texlive/2019/texmf-dist/tex/latex/sansmathaccent/sansmathaccent.sty
Package: sansmathaccent 2013/03/28

(c:/texlive/2019/texmf-dist/tex/latex/filehook/filehook.sty
Package: filehook 2019/10/03 v0.6 Hooks for input files
)))
(c:/texlive/2019/texmf-dist/tex/latex/beamer/beamerbasetranslator.sty
(c:/texlive/2019/texmf-dist/tex/latex/translator/translator.sty
Package: translator 2019-05-31 v1.12a Easy translation of strings in LaTeX
))
(c:/texlive/2019/texmf-dist/tex/latex/beamer/beamerbasemisc.sty)
(c:/texlive/2019/texmf-dist/tex/latex/beamer/beamerbasetwoscreens.sty)
(c:/texlive/2019/texmf-dist/tex/latex/beamer/beamerbaseoverlay.sty
\beamer@argscount=\count130
\beamer@lastskipcover=\skip44
\beamer@trivlistdepth=\count131
)
(c:/texlive/2019/texmf-dist/tex/latex/beamer/beamerbasetitle.sty)
(c:/texlive/2019/texmf-dist/tex/latex/beamer/beamerbasesection.sty
\c@lecture=\count132
\c@part=\count133
\c@section=\count134
\c@subsection=\count135
\c@subsubsection=\count136
)
(c:/texlive/2019/texmf-dist/tex/latex/beamer/beamerbaseframe.sty
\beamer@framebox=\box42
\beamer@frametitlebox=\box43
\beamer@zoombox=\box44
\beamer@zoomcount=\count137
\beamer@zoomframecount=\count138
\beamer@frametextheight=\dimen169
\c@subsectionslide=\count139
\beamer@frametopskip=\skip45
\beamer@framebottomskip=\skip46
\beamer@frametopskipautobreak=\skip47
\beamer@framebottomskipautobreak=\skip48
\beamer@envbody=\toks27
\framewidth=\dimen170
\c@framenumber=\count140
)
(c:/texlive/2019/texmf-dist/tex/latex/beamer/beamerbaseverbatim.sty
\beamer@verbatimfileout=\write4
)
(c:/texlive/2019/texmf-dist/tex/latex/beamer/beamerbaseframesize.sty
\beamer@splitbox=\box45
\beamer@autobreakcount=\count141
\beamer@autobreaklastheight=\dimen171
\beamer@frametitletoks=\toks28
\beamer@framesubtitletoks=\toks29
)
(c:/texlive/2019/texmf-dist/tex/latex/beamer/beamerbaseframecomponents.sty
\beamer@footins=\box46
)
(c:/texlive/2019/texmf-dist/tex/latex/beamer/beamerbasecolor.sty)
(c:/texlive/2019/texmf-dist/tex/latex/beamer/beamerbasenotes.sty
\beamer@frameboxcopy=\box47
)
(c:/texlive/2019/texmf-dist/tex/latex/beamer/beamerbasetoc.sty)
(c:/texlive/2019/texmf-dist/tex/latex/beamer/beamerbasetemplates.sty
\beamer@sbttoks=\toks30

(c:/texlive/2019/texmf-dist/tex/latex/beamer/beamerbaseauxtemplates.sty
(c:/texlive/2019/texmf-dist/tex/latex/beamer/beamerbaseboxes.sty
\bmb@box=\box48
\bmb@colorbox=\box49
\bmb@boxshadow=\box50
\bmb@boxshadowball=\box51
\bmb@boxshadowballlarge=\box52
\bmb@temp=\dimen172
\bmb@dima=\dimen173
\bmb@dimb=\dimen174
\bmb@prevheight=\dimen175
)
\beamer@blockheadheight=\dimen176
))
(c:/texlive/2019/texmf-dist/tex/latex/beamer/beamerbaselocalstructure.sty
(c:/texlive/2019/texmf-dist/tex/latex/tools/enumerate.sty
Package: enumerate 2015/07/23 v3.00 enumerate extensions (DPC)
\@enLab=\toks31
)
\c@figure=\count142
\c@table=\count143
\abovecaptionskip=\skip49
\belowcaptionskip=\skip50
)
(c:/texlive/2019/texmf-dist/tex/latex/beamer/beamerbasenavigation.sty
\beamer@section@min@dim=\dimen177
)
(c:/texlive/2019/texmf-dist/tex/latex/beamer/beamerbasetheorems.sty
(c:/texlive/2019/texmf-dist/tex/latex/amsmath/amsmath.sty
Package: amsmath 2019/11/16 v2.17d AMS math features
\@mathmargin=\skip51

For additional information on amsmath, use the `?' option.
(c:/texlive/2019/texmf-dist/tex/latex/amsmath/amstext.sty
Package: amstext 2000/06/29 v2.01 AMS text

(c:/texlive/2019/texmf-dist/tex/latex/amsmath/amsgen.sty
File: amsgen.sty 1999/11/30 v2.0 generic functions
\@emptytoks=\toks32
\ex@=\dimen178
))
(c:/texlive/2019/texmf-dist/tex/latex/amsmath/amsbsy.sty
Package: amsbsy 1999/11/29 v1.2d Bold Symbols
\pmbraise@=\dimen179
)
(c:/texlive/2019/texmf-dist/tex/latex/amsmath/amsopn.sty
Package: amsopn 2016/03/08 v2.02 operator names
)
\inf@bad=\count144
LaTeX Info: Redefining \frac on input line 227.
\uproot@=\count145
\leftroot@=\count146
LaTeX Info: Redefining \overline on input line 389.
\classnum@=\count147
\DOTSCASE@=\count148
LaTeX Info: Redefining \ldots on input line 486.
LaTeX Info: Redefining \dots on input line 489.
LaTeX Info: Redefining \cdots on input line 610.
\Mathstrutbox@=\box53
\strutbox@=\box54
\big@size=\dimen180
LaTeX Font Info:    Redeclaring font encoding OML on input line 733.
LaTeX Font Info:    Redeclaring font encoding OMS on input line 734.
\macc@depth=\count149
\c@MaxMatrixCols=\count150
\dotsspace@=\muskip11
\c@parentequation=\count151
\dspbrk@lvl=\count152
\tag@help=\toks33
\row@=\count153
\column@=\count154
\maxfields@=\count155
\andhelp@=\toks34
\eqnshift@=\dimen181
\alignsep@=\dimen182
\tagshift@=\dimen183
\tagwidth@=\dimen184
\totwidth@=\dimen185
\lineht@=\dimen186
\@envbody=\toks35
\multlinegap=\skip52
\multlinetaggap=\skip53
\mathdisplay@stack=\toks36
LaTeX Info: Redefining \[ on input line 2858.
LaTeX Info: Redefining \] on input line 2859.
)
(c:/texlive/2019/texmf-dist/tex/latex/amscls/amsthm.sty
Package: amsthm 2017/10/31 v2.20.4
\thm@style=\toks37
\thm@bodyfont=\toks38
\thm@headfont=\toks39
\thm@notefont=\toks40
\thm@headpunct=\toks41
\thm@preskip=\skip54
\thm@postskip=\skip55
\thm@headsep=\skip56
\dth@everypar=\toks42
)
\c@theorem=\count156
)
(c:/texlive/2019/texmf-dist/tex/latex/beamer/beamerbasethemes.sty))
(c:/texlive/2019/texmf-dist/tex/latex/beamer/beamerthemedefault.sty
(c:/texlive/2019/texmf-dist/tex/latex/beamer/beamerfontthemedefault.sty)
(c:/texlive/2019/texmf-dist/tex/latex/beamer/beamercolorthemedefault.sty)
(c:/texlive/2019/texmf-dist/tex/latex/beamer/beamerinnerthemedefault.sty
\beamer@dima=\dimen187
\beamer@dimb=\dimen188
)
(c:/texlive/2019/texmf-dist/tex/latex/beamer/beamerouterthemedefault.sty)))
(c:/texlive/2019/texmf-dist/tex/latex/beamer/beamerthemeCambridgeUS.sty
(c:/texlive/2019/texmf-dist/tex/latex/beamer/beamerinnerthemerounded.sty)
(c:/texlive/2019/texmf-dist/tex/latex/beamer/beamerouterthemeinfolines.sty)
(c:/texlive/2019/texmf-dist/tex/latex/beamer/beamercolorthemebeaver.sty))
(c:/texlive/2019/texmf-dist/tex/latex/base/inputenc.sty
Package: inputenc 2018/08/11 v1.3c Input encoding file
\inpenc@prehook=\toks43
\inpenc@posthook=\toks44
) (./Subsampling.aux)
\openout1 = `Subsampling.aux'.

LaTeX Font Info:    Checking defaults for OML/cmm/m/it on input line 15.
LaTeX Font Info:    ... okay on input line 15.
LaTeX Font Info:    Checking defaults for T1/cmr/m/n on input line 15.
LaTeX Font Info:    ... okay on input line 15.
LaTeX Font Info:    Checking defaults for OT1/cmr/m/n on input line 15.
LaTeX Font Info:    ... okay on input line 15.
LaTeX Font Info:    Checking defaults for OMS/cmsy/m/n on input line 15.
LaTeX Font Info:    ... okay on input line 15.
LaTeX Font Info:    Checking defaults for OMX/cmex/m/n on input line 15.
LaTeX Font Info:    ... okay on input line 15.
LaTeX Font Info:    Checking defaults for U/cmr/m/n on input line 15.
LaTeX Font Info:    ... okay on input line 15.
LaTeX Font Info:    Checking defaults for PD1/pdf/m/n on input line 15.
LaTeX Font Info:    ... okay on input line 15.

*geometry* driver: auto-detecting
*geometry* detected driver: pdftex
*geometry* verbose mode - [ preamble ] result:
* driver: pdftex
* paper: custom
* layout: <same size as paper>
* layoutoffset:(h,v)=(0.0pt,0.0pt)
* modes: includehead includefoot 
* h-part:(L,W,R)=(11.74988pt, 340.6956pt, 11.74988pt)
* v-part:(T,H,B)=(0.0pt, 273.14662pt, 0.0pt)
* \paperwidth=364.19536pt
* \paperheight=273.14662pt
* \textwidth=340.6956pt
* \textheight=244.6939pt
* \oddsidemargin=-60.52011pt
* \evensidemargin=-60.52011pt
* \topmargin=-72.26999pt
* \headheight=14.22636pt
* \headsep=0.0pt
* \topskip=12.0pt
* \footskip=14.22636pt
* \marginparwidth=4.0pt
* \marginparsep=10.0pt
* \columnsep=10.0pt
* \skip\footins=10.8pt plus 4.0pt minus 2.0pt
* \hoffset=0.0pt
* \voffset=0.0pt
* \mag=1000
* \@twocolumnfalse
* \@twosidefalse
* \@mparswitchfalse
* \@reversemarginfalse
* (1in=72.27pt=25.4mm, 1cm=28.453pt)

(c:/texlive/2019/texmf-dist/tex/context/base/mkii/supp-pdf.mkii
[Loading MPS to PDF converter (version 2006.09.02).]
\scratchcounter=\count157
\scratchdimen=\dimen189
\scratchbox=\box55
\nofMPsegments=\count158
\nofMParguments=\count159
\everyMPshowfont=\toks45
\MPscratchCnt=\count160
\MPscratchDim=\dimen190
\MPnumerator=\count161
\makeMPintoPDFobject=\count162
\everyMPtoPDFconversion=\toks46
) (c:/texlive/2019/texmf-dist/tex/latex/oberdiek/epstopdf-base.sty
Package: epstopdf-base 2016/05/15 v2.6 Base part for package epstopdf

(c:/texlive/2019/texmf-dist/tex/latex/oberdiek/grfext.sty
Package: grfext 2016/05/16 v1.2 Manage graphics extensions (HO)
)
Package epstopdf-base Info: Redefining graphics rule for `.eps' on input line 4
41.
Package grfext Info: Graphics extension search list:
(grfext)             [.pdf,.png,.jpg,.mps,.jpeg,.jbig2,.jb2,.PDF,.PNG,.JPG,.JPE
G,.JBIG2,.JB2,.eps]
(grfext)             \AppendGraphicsExtensions on input line 459.

(c:/texlive/2019/texmf-dist/tex/latex/latexconfig/epstopdf-sys.cfg
File: epstopdf-sys.cfg 2010/07/13 v1.3 Configuration of (r)epstopdf for TeX Liv
e
))
ABD: EveryShipout initializing macros
\AtBeginShipoutBox=\box56
Package hyperref Info: Link coloring OFF on input line 15.

(c:/texlive/2019/texmf-dist/tex/latex/hyperref/nameref.sty
Package: nameref 2019/09/16 v2.46 Cross-referencing by name of section

(c:/texlive/2019/texmf-dist/tex/latex/oberdiek/refcount.sty
Package: refcount 2016/05/16 v3.5 Data extraction from label references (HO)
)
(c:/texlive/2019/texmf-dist/tex/generic/oberdiek/gettitlestring.sty
Package: gettitlestring 2016/05/16 v1.5 Cleanup title references (HO)
)
\c@section@level=\count163
)
LaTeX Info: Redefining \ref on input line 15.
LaTeX Info: Redefining \pageref on input line 15.
LaTeX Info: Redefining \nameref on input line 15.

(./Subsampling.out) (./Subsampling.out)
\@outlinefile=\write5
\openout5 = `Subsampling.out'.

LaTeX Font Info:    Overwriting symbol font `operators' in version `normal'
(Font)                  OT1/cmr/m/n --> OT1/cmss/m/n on input line 15.
LaTeX Font Info:    Overwriting symbol font `operators' in version `bold'
(Font)                  OT1/cmr/bx/n --> OT1/cmss/bx/n on input line 15.
\symnumbers=\mathgroup6
\sympureletters=\mathgroup7
LaTeX Font Info:    Overwriting math alphabet `\mathrm' in version `normal'
(Font)                  OT1/cmss/m/n --> OT1/cmr/m/n on input line 15.
LaTeX Font Info:    Redeclaring math alphabet \mathbf on input line 15.
LaTeX Font Info:    Overwriting math alphabet `\mathbf' in version `normal'
(Font)                  OT1/cmr/bx/n --> OT1/cmss/bx/n on input line 15.
LaTeX Font Info:    Overwriting math alphabet `\mathbf' in version `bold'
(Font)                  OT1/cmr/bx/n --> OT1/cmss/bx/n on input line 15.
LaTeX Font Info:    Redeclaring math alphabet \mathsf on input line 15.
LaTeX Font Info:    Overwriting math alphabet `\mathsf' in version `normal'
(Font)                  OT1/cmss/m/n --> OT1/cmss/m/n on input line 15.
LaTeX Font Info:    Overwriting math alphabet `\mathsf' in version `bold'
(Font)                  OT1/cmss/bx/n --> OT1/cmss/m/n on input line 15.
LaTeX Font Info:    Redeclaring math alphabet \mathit on input line 15.
LaTeX Font Info:    Overwriting math alphabet `\mathit' in version `normal'
(Font)                  OT1/cmr/m/it --> OT1/cmss/m/it on input line 15.
LaTeX Font Info:    Overwriting math alphabet `\mathit' in version `bold'
(Font)                  OT1/cmr/bx/it --> OT1/cmss/m/it on input line 15.
LaTeX Font Info:    Redeclaring math alphabet \mathtt on input line 15.
LaTeX Font Info:    Overwriting math alphabet `\mathtt' in version `normal'
(Font)                  OT1/cmtt/m/n --> OT1/cmtt/m/n on input line 15.
LaTeX Font Info:    Overwriting math alphabet `\mathtt' in version `bold'
(Font)                  OT1/cmtt/m/n --> OT1/cmtt/m/n on input line 15.
LaTeX Font Info:    Overwriting symbol font `numbers' in version `bold'
(Font)                  OT1/cmss/m/n --> OT1/cmss/bx/n on input line 15.
LaTeX Font Info:    Overwriting symbol font `pureletters' in version `bold'
(Font)                  OT1/cmss/m/it --> OT1/cmss/bx/it on input line 15.
LaTeX Font Info:    Overwriting math alphabet `\mathrm' in version `bold'
(Font)                  OT1/cmss/bx/n --> OT1/cmr/bx/n on input line 15.
LaTeX Font Info:    Overwriting math alphabet `\mathbf' in version `bold'
(Font)                  OT1/cmss/bx/n --> OT1/cmss/bx/n on input line 15.
LaTeX Font Info:    Overwriting math alphabet `\mathsf' in version `bold'
(Font)                  OT1/cmss/m/n --> OT1/cmss/bx/n on input line 15.
LaTeX Font Info:    Overwriting math alphabet `\mathit' in version `bold'
(Font)                  OT1/cmss/m/it --> OT1/cmss/bx/it on input line 15.
LaTeX Font Info:    Overwriting math alphabet `\mathtt' in version `bold'
(Font)                  OT1/cmtt/m/n --> OT1/cmtt/bx/n on input line 15.
LaTeX Font Info:    Redeclaring symbol font `pureletters' on input line 15.
LaTeX Font Info:    Overwriting symbol font `pureletters' in version `normal'
(Font)                  OT1/cmss/m/it --> OT1/mathkerncmss/m/sl on input line 1
5.
LaTeX Font Info:    Overwriting symbol font `pureletters' in version `bold'
(Font)                  OT1/cmss/bx/it --> OT1/mathkerncmss/m/sl on input line 
15.
LaTeX Font Info:    Overwriting symbol font `pureletters' in version `bold'
(Font)                  OT1/mathkerncmss/m/sl --> OT1/mathkerncmss/bx/sl on inp
ut line 15.

(c:/texlive/2019/texmf-dist/tex/latex/translator/translator-basic-dictionary-En
glish.dict
Dictionary: translator-basic-dictionary, Language: English 
)
(c:/texlive/2019/texmf-dist/tex/latex/translator/translator-bibliography-dictio
nary-English.dict
Dictionary: translator-bibliography-dictionary, Language: English 
)
(c:/texlive/2019/texmf-dist/tex/latex/translator/translator-environment-diction
ary-English.dict
Dictionary: translator-environment-dictionary, Language: English 
)
(c:/texlive/2019/texmf-dist/tex/latex/translator/translator-months-dictionary-E
nglish.dict
Dictionary: translator-months-dictionary, Language: English 
)
(c:/texlive/2019/texmf-dist/tex/latex/translator/translator-numbers-dictionary-
English.dict
Dictionary: translator-numbers-dictionary, Language: English 
)
(c:/texlive/2019/texmf-dist/tex/latex/translator/translator-theorem-dictionary-
English.dict
Dictionary: translator-theorem-dictionary, Language: English 
) (./Subsampling.nav)
Overfull \hbox (35.83861pt too wide) in paragraph at lines 15--15
 [][][][]  
 []


Overfull \hbox (35.83861pt too wide) has occurred while \output is active
 [][][][]  
 []

[1

{c:/texlive/2019/texmf-var/fonts/map/pdftex/updmap/pdftex.map}]
Overfull \hbox (35.83861pt too wide) has occurred while \output is active
 [][][][]  
 []

[2

]
LaTeX Font Info:    Trying to load font information for U+msa on input line 41.

 (c:/texlive/2019/texmf-dist/tex/latex/amsfonts/umsa.fd
File: umsa.fd 2013/01/14 v3.01 AMS symbols A
)
LaTeX Font Info:    Trying to load font information for U+msb on input line 41.


(c:/texlive/2019/texmf-dist/tex/latex/amsfonts/umsb.fd
File: umsb.fd 2013/01/14 v3.01 AMS symbols B
)
LaTeX Font Info:    Trying to load font information for OT1+mathkerncmss on inp
ut line 41.

(c:/texlive/2019/texmf-dist/tex/latex/sansmathaccent/ot1mathkerncmss.fd
File: ot1mathkerncmss.fd 2013/03/27 Fontinst v1.933 font definitions for OT1/ma
thkerncmss.
)
Overfull \hbox (35.83861pt too wide) has occurred while \output is active
 [][][][]  
 []

[3

]
Overfull \hbox (35.83861pt too wide) has occurred while \output is active
 [][][][]  
 []

[4

]
Overfull \hbox (35.83861pt too wide) has occurred while \output is active
 [][][][]  
 []

[5

]
Overfull \hbox (35.83861pt too wide) has occurred while \output is active
 [][][][]  
 []

[6

]
Overfull \hbox (4.35468pt too wide) detected at line 103
[][] \OT1/cmss/m/n/12 = [][] + [][] [] []
 []


Overfull \hbox (35.83861pt too wide) has occurred while \output is active
 [][][][]  
 []

[7

]
Overfull \hbox (35.83861pt too wide) has occurred while \output is active
 [][][][]  
 []

[8

]
Overfull \hbox (35.83861pt too wide) has occurred while \output is active
 [][][][]  
 []

[9

]
Overfull \hbox (35.83861pt too wide) has occurred while \output is active
 [][][][]  
 []

[10

]
Overfull \hbox (35.83861pt too wide) has occurred while \output is active
 [][][][]  
 []

[11

]
Overfull \hbox (35.83861pt too wide) has occurred while \output is active
 [][][][]  
 []

[12

]
Overfull \hbox (35.83861pt too wide) has occurred while \output is active
 [][][][]  
 []

[13

]
Overfull \hbox (35.83861pt too wide) has occurred while \output is active
 [][][][]  
 []

[14

]
Overfull \hbox (35.83861pt too wide) has occurred while \output is active
 [][][][]  
 []

[15

]
Overfull \hbox (35.83861pt too wide) has occurred while \output is active
 [][][][]  
 []

[16

]
Overfull \hbox (35.83861pt too wide) has occurred while \output is active
 [][][][]  
 []

[17

]
Overfull \hbox (35.83861pt too wide) has occurred while \output is active
 [][][][]  
 []

[18

]
Overfull \hbox (35.83861pt too wide) has occurred while \output is active
 [][][][]  
 []

[19

]
Overfull \hbox (35.83861pt too wide) has occurred while \output is active
 [][][][]  
 []

[20

]
Overfull \hbox (35.83861pt too wide) has occurred while \output is active
 [][][][]  
 []

[21

]
<fig1.png, id=629, 315.27788pt x 209.583pt>
File: fig1.png Graphic file (type png)
<use fig1.png>
Package pdftex.def Info: fig1.png  used on input line 258.
(pdftex.def)             Requested size: 315.2771pt x 209.58247pt.

Overfull \hbox (35.83861pt too wide) has occurred while \output is active
 [][][][]  
 []

[22

 <./fig1.png>]
Overfull \hbox (35.83861pt too wide) has occurred while \output is active
 [][][][]  
 []

[23

]
Overfull \hbox (35.83861pt too wide) has occurred while \output is active
 [][][][]  
 []

[24

]
Overfull \hbox (14.74992pt too wide) detected at line 288
\OT1/cmss/bx/n/12 V[] \OT1/cmss/m/n/12 = [] [] [] \OML/cmm/m/it/12 :
 []


Overfull \hbox (35.83861pt too wide) has occurred while \output is active
 [][][][]  
 []

[25

]
Overfull \hbox (35.83861pt too wide) has occurred while \output is active
 [][][][]  
 []

[26

]
<fig2.png, id=769, 454.0965pt x 276.13162pt>
File: fig2.png Graphic file (type png)
<use fig2.png>
Package pdftex.def Info: fig2.png  used on input line 310.
(pdftex.def)             Requested size: 363.27768pt x 220.90558pt.

Overfull \hbox (22.58208pt too wide) in paragraph at lines 310--310
[][]  
 []


Overfull \vbox (6.22375pt too high) detected at line 310
 []


Overfull \hbox (35.83861pt too wide) has occurred while \output is active
 [][][][]  
 []

[27

 <./fig2.png>]
<fig3.png, id=799, 437.53462pt x 157.7895pt>
File: fig3.png Graphic file (type png)
<use fig3.png>
Package pdftex.def Info: fig3.png  used on input line 314.
(pdftex.def)             Requested size: 350.02817pt x 126.23177pt.

Overfull \hbox (9.33257pt too wide) in paragraph at lines 314--314
[][]  
 []


Overfull \hbox (35.83861pt too wide) has occurred while \output is active
 [][][][]  
 []

[28

 <./fig3.png>]
<fig4.png, id=828, 353.21962pt x 261.97874pt>
File: fig4.png Graphic file (type png)
<use fig4.png>
Package pdftex.def Info: fig4.png  used on input line 318.
(pdftex.def)             Requested size: 282.57607pt x 209.58327pt.

Overfull \hbox (35.83861pt too wide) has occurred while \output is active
 [][][][]  
 []

[29

 <./fig4.png>]
<fig5.png, id=857, 361.04887pt x 134.00063pt>
File: fig5.png Graphic file (type png)
<use fig5.png>
Package pdftex.def Info: fig5.png  used on input line 322.
(pdftex.def)             Requested size: 361.04799pt x 134.00027pt.

Overfull \hbox (20.35239pt too wide) in paragraph at lines 322--322
[][]  
 []


Overfull \hbox (35.83861pt too wide) has occurred while \output is active
 [][][][]  
 []

[30

 <./fig5.png>]
<fig6.png, id=886, 371.58826pt x 124.96687pt>
File: fig6.png Graphic file (type png)
<use fig6.png>
Package pdftex.def Info: fig6.png  used on input line 326.
(pdftex.def)             Requested size: 371.58734pt x 124.96657pt.

Overfull \hbox (30.89174pt too wide) in paragraph at lines 326--326
[][]  
 []


Overfull \hbox (35.83861pt too wide) has occurred while \output is active
 [][][][]  
 []

[31

 <./fig6.png>]
<fig7.png, id=917, 391.4625pt x 246.32025pt>
File: fig7.png Graphic file (type png)
<use fig7.png>
Package pdftex.def Info: fig7.png  used on input line 330.
(pdftex.def)             Requested size: 313.17041pt x 197.05646pt.

Overfull \hbox (35.83861pt too wide) has occurred while \output is active
 [][][][]  
 []

[32

 <./fig7.png>]
<fig8.png, id=946, 349.00388pt x 123.16013pt>
File: fig8.png Graphic file (type png)
<use fig8.png>
Package pdftex.def Info: fig8.png  used on input line 334.
(pdftex.def)             Requested size: 279.20348pt x 98.52821pt.

Overfull \hbox (35.83861pt too wide) has occurred while \output is active
 [][][][]  
 []

[33

 <./fig8.png>]
<fig9.png, id=975, 376.40625pt x 250.536pt>
File: fig9.png Graphic file (type png)
<use fig9.png>
Package pdftex.def Info: fig9.png  used on input line 338.
(pdftex.def)             Requested size: 301.1254pt x 200.42905pt.

Overfull \hbox (35.83861pt too wide) has occurred while \output is active
 [][][][]  
 []

[34

 <./fig9.png>]
<fig10.png, id=1004, 369.17924pt x 125.268pt>
File: fig10.png Graphic file (type png)
<use fig10.png>
Package pdftex.def Info: fig10.png  used on input line 343.
(pdftex.def)             Requested size: 295.3438pt x 100.21452pt.

Overfull \hbox (35.83861pt too wide) has occurred while \output is active
 [][][][]  
 []

[35

 <./fig10.png>]
<fig11.png, id=1034, 372.79276pt x 230.0595pt>
File: fig11.png Graphic file (type png)
<use fig11.png>
Package pdftex.def Info: fig11.png  used on input line 347.
(pdftex.def)             Requested size: 298.2346pt x 184.04784pt.

Overfull \hbox (35.83861pt too wide) has occurred while \output is active
 [][][][]  
 []

[36

 <./fig11.png>]
<fig12.png, id=1063, 290.88675pt x 124.0635pt>
File: fig12.png Graphic file (type png)
<use fig12.png>
Package pdftex.def Info: fig12.png  used on input line 354.
(pdftex.def)             Requested size: 232.7097pt x 99.25092pt.

Overfull \hbox (35.83861pt too wide) has occurred while \output is active
 [][][][]  
 []

[37

 <./fig12.png>]
Overfull \hbox (35.83861pt too wide) has occurred while \output is active
 [][][][]  
 []

[38

]
<fig13.png, id=1121, 570.33075pt x 200.24812pt>
File: fig13.png Graphic file (type png)
<use fig13.png>
Package pdftex.def Info: fig13.png  used on input line 367.
(pdftex.def)             Requested size: 370.71059pt x 130.15973pt.

Overfull \hbox (30.01498pt too wide) in paragraph at lines 367--367
[][]  
 []


Overfull \hbox (35.83861pt too wide) has occurred while \output is active
 [][][][]  
 []

[39

 <./fig13.png>]
<fig14.png, id=1149, 570.933pt x 187.60088pt>
File: fig14.png Graphic file (type png)
<use fig14.png>
Package pdftex.def Info: fig14.png  used on input line 371.
(pdftex.def)             Requested size: 371.10205pt x 121.9391pt.

Overfull \hbox (30.40645pt too wide) in paragraph at lines 371--371
[][]  
 []


Overfull \hbox (35.83861pt too wide) has occurred while \output is active
 [][][][]  
 []

[40

 <./fig14.png>]
Overfull \hbox (35.83861pt too wide) has occurred while \output is active
 [][][][]  
 []

[41

]
<fig15.png, id=1204, 431.51213pt x 162.90863pt>
File: fig15.png Graphic file (type png)
<use fig15.png>
Package pdftex.def Info: fig15.png  used on input line 386.
(pdftex.def)             Requested size: 345.21016pt x 130.32706pt.

Overfull \hbox (4.51456pt too wide) in paragraph at lines 386--386
[][]  
 []


Overfull \hbox (35.83861pt too wide) has occurred while \output is active
 [][][][]  
 []

[42

 <./fig15.png>]
Overfull \hbox (35.83861pt too wide) has occurred while \output is active
 [][][][]  
 []

[43

]
<fig16.png, id=1262, 442.35263pt x 160.49962pt>
File: fig16.png Graphic file (type png)
<use fig16.png>
Package pdftex.def Info: fig16.png  used on input line 402.
(pdftex.def)             Requested size: 353.88258pt x 128.39984pt.

Overfull \hbox (13.18698pt too wide) in paragraph at lines 402--402
[][]  
 []


Overfull \hbox (35.83861pt too wide) has occurred while \output is active
 [][][][]  
 []

[44

 <./fig16.png>]
<fig17.png, id=1290, 305.34074pt x 124.66576pt>
File: fig17.png Graphic file (type png)
<use fig17.png>
Package pdftex.def Info: fig17.png  used on input line 406.
(pdftex.def)             Requested size: 305.34pt x 124.66544pt.

Overfull \hbox (35.83861pt too wide) has occurred while \output is active
 [][][][]  
 []

[45

 <./fig17.png>]
\tf@nav=\write6
\openout6 = `Subsampling.nav'.

\tf@toc=\write7
\openout7 = `Subsampling.toc'.

\tf@snm=\write8
\openout8 = `Subsampling.snm'.

Package atveryend Info: Empty hook `BeforeClearDocument' on input line 407.
Package atveryend Info: Empty hook `AfterLastShipout' on input line 407.
 (./Subsampling.aux)
Package atveryend Info: Executing hook `AtVeryEndDocument' on input line 407.
Package atveryend Info: Executing hook `AtEndAfterFileList' on input line 407.
Package rerunfilecheck Info: File `Subsampling.out' has not changed.
(rerunfilecheck)             Checksum: AA611B67553409076067261FE0949B57;260.
 ) 
Here is how much of TeX's memory you used:
 18096 strings out of 492164
 340777 string characters out of 6129087
 416210 words of memory out of 5000000
 21897 multiletter control sequences out of 15000+600000
 19540 words of font info for 65 fonts, out of 8000000 for 9000
 1141 hyphenation exceptions out of 8191
 58i,17n,59p,800b,568s stack positions out of 5000i,500n,10000p,200000b,80000s
<c:/texlive/2019/texmf-dist/fonts/type1/public/amsfonts/cm/cmex10.pfb><c:/tex
live/2019/texmf-dist/fonts/type1/public/amsfonts/cm/cmmi12.pfb><c:/texlive/2019
/texmf-dist/fonts/type1/public/amsfonts/cm/cmmi8.pfb><c:/texlive/2019/texmf-dis
t/fonts/type1/public/amsfonts/cm/cmmib10.pfb><c:/texlive/2019/texmf-dist/fonts/
type1/public/amsfonts/cm/cmr12.pfb><c:/texlive/2019/texmf-dist/fonts/type1/publ
ic/amsfonts/cm/cmr8.pfb><c:/texlive/2019/texmf-dist/fonts/type1/public/amsfonts
/cm/cmss12.pfb><c:/texlive/2019/texmf-dist/fonts/type1/public/amsfonts/cm/cmss1
7.pfb><c:/texlive/2019/texmf-dist/fonts/type1/public/amsfonts/cm/cmss8.pfb><c:/
texlive/2019/texmf-dist/fonts/type1/public/amsfonts/cm/cmssbx10.pfb><c:/texlive
/2019/texmf-dist/fonts/type1/public/amsfonts/cm/cmssi12.pfb><c:/texlive/2019/te
xmf-dist/fonts/type1/public/amsfonts/cm/cmssi17.pfb><c:/texlive/2019/texmf-dist
/fonts/type1/public/amsfonts/cm/cmssi8.pfb><c:/texlive/2019/texmf-dist/fonts/ty
pe1/public/amsfonts/cm/cmsy10.pfb><c:/texlive/2019/texmf-dist/fonts/type1/publi
c/amsfonts/cm/cmsy8.pfb><c:/texlive/2019/texmf-dist/fonts/type1/public/amsfonts
/symbols/msbm10.pfb>
Output written on Subsampling.pdf (45 pages, 2536293 bytes).
PDF statistics:
 1394 PDF objects out of 1440 (max. 8388607)
 1273 compressed objects within 13 object streams
 95 named destinations out of 1000 (max. 500000)
 184 words of extra memory for PDF output out of 10000 (max. 10000000)

